18:34:34 **** Incremental Build of configuration Nios II for project streaming_reconstruct ****
make all 
Info: Building ../streaming_reconstruct_bsp/
D:/quartus18.1/nios2eds/bin/gnu/H-x86_64-mingw32/bin/make --no-print-directory -C ../streaming_reconstruct_bsp/
[BSP build complete]
Info: Compiling hello_world.c to obj/default/hello_world.o
nios2-elf-gcc -xc -MP -MMD -c -I../streaming_reconstruct_bsp//HAL/inc -I../streaming_reconstruct_bsp/ -I../streaming_reconstruct_bsp//drivers/inc  -pipe -D__hal__ -DALT_NO_INSTRUCTION_EMULATION -DALT_SINGLE_THREADED    -O0 -g -Wall   -mno-hw-div -mhw-mul -mno-hw-mulx -mgpopt=global  -o obj/default/hello_world.o hello_world.c
hello_world.c: In function 'send_to_PCF':
hello_world.c:428:16: warning: format '%d' expects argument of type 'int', but argument 2 has type 'ALT_AVALON_I2C_STATUS_CODE {aka long unsigned int}' [-Wformat=]
         printf("Error: I2C write to DAC failed with status code: %d\n", status);
                ^
hello_world.c:428:16: warning: format '%d' expects argument of type 'int', but argument 2 has type 'ALT_AVALON_I2C_STATUS_CODE {aka long unsigned int}' [-Wformat=]
hello_world.c: At top level:
hello_world.c:480:6: warning: return type of 'main' is not 'int' [-Wmain]
 void main(void){
      ^
hello_world.c: In function 'main':
hello_world.c:496:20: warning: unused variable 'reconstructed_val' [-Wunused-variable]
  float signal_val, reconstructed_val=0;
                    ^
hello_world.c:496:8: warning: unused variable 'signal_val' [-Wunused-variable]
  float signal_val, reconstructed_val=0;
        ^
hello_world.c:494:20: warning: unused variable 'nIndex' [-Wunused-variable]
  int i, ADC_value, nIndex=0;
                    ^
hello_world.c:483:6: warning: unused variable 'sample_written' [-Wunused-variable]
  int sample_written=0;
      ^
hello_world.c:482:6: warning: unused variable 'sample_max' [-Wunused-variable]
  int sample_max=10000;
      ^
Info: Linking streaming_reconstruct.elf
nios2-elf-g++  -T'../streaming_reconstruct_bsp//linker.x' -msys-crt0='../streaming_reconstruct_bsp//obj/HAL/src/crt0.o' -msys-lib=hal_bsp -L../streaming_reconstruct_bsp/   -Wl,-Map=streaming_reconstruct.map   -O0 -g -Wall   -mno-hw-div -mhw-mul -mno-hw-mulx -mgpopt=global  -o streaming_reconstruct.elf obj/default/hello_world.o -lm -msys-lib=m
nios2-elf-insert streaming_reconstruct.elf --thread_model hal --cpu_name nios2_qsys --qsys true --simulation_enabled false --id 0 --sidp 0x81078 --timestamp 1750439474 --stderr_dev jtag_uart --stdin_dev jtag_uart --stdout_dev jtag_uart --sopc_system_name DE10_NANO_QSYS --quartus_project_dir "D:/year4/fyp/ADC_ref/Final_project" --jdi D:/year4/fyp/ADC_ref/Final_project/software/streaming_reconstruct_bsp/../../DE10_NANO_ADC.jdi --sopcinfo D:/year4/fyp/ADC_ref/Final_project/software/streaming_reconstruct_bsp/../../DE10_NANO_QSYS.sopcinfo
Info: (streaming_reconstruct.elf) 94 KBytes program size (code + initialized data).
Info:                             54 KBytes free for stack + heap.
Info: Creating streaming_reconstruct.objdump
nios2-elf-objdump --disassemble --syms --all-header --source streaming_reconstruct.elf >streaming_reconstruct.objdump
[streaming_reconstruct build complete]

18:34:35 Build Finished (took 1s.657ms)

